<?xml version="1.0" encoding="UTF-8"?>
<!-- Generated by org.testng.reporters.JUnitReportReporter -->
<testsuite hostname="Aarti-Lap" name="com.mi.testng.GoogleApp" tests="1" failures="0" timestamp="6 Aug 2015 13:20:19 GMT" time="17.695" errors="0">
  <testcase name="verifyTitle" time="17.695" classname="com.mi.testng.GoogleApp"/>
</testsuite> <!-- com.mi.testng.GoogleApp -->
