<?xml version="1.0" encoding="UTF-8"?>
<!-- Generated by org.testng.reporters.JUnitReportReporter -->
<testsuite hostname="Aarti-Lap" name="com.mi.testng.BeforeAfterClass" tests="4" failures="0" timestamp="10 Aug 2015 06:20:40 GMT" time="0.015" errors="0">
  <testcase name="testcase_004" time="0.003" classname="com.mi.testng.BeforeAfterClass"/>
  <testcase name="testcase_001" time="0.009" classname="com.mi.testng.BeforeAfterClass"/>
  <testcase name="testcase_003" time="0.001" classname="com.mi.testng.BeforeAfterClass"/>
  <testcase name="testcase_002" time="0.002" classname="com.mi.testng.BeforeAfterClass"/>
</testsuite> <!-- com.mi.testng.BeforeAfterClass -->
