<?xml version="1.0" encoding="UTF-8"?>
<!-- Generated by org.testng.reporters.JUnitReportReporter -->
<testsuite hostname="Aarti-Lap" name="com.mi.testng.BeforeAfterMethod" tests="4" failures="0" timestamp="10 Aug 2015 06:33:39 GMT" time="0.029" errors="0">
  <testcase name="testcase_002" time="0.002" classname="com.mi.testng.BeforeAfterMethod"/>
  <testcase name="testcase_003" time="0.003" classname="com.mi.testng.BeforeAfterMethod"/>
  <testcase name="testcase_001" time="0.020" classname="com.mi.testng.BeforeAfterMethod"/>
  <testcase name="testcase_004" time="0.004" classname="com.mi.testng.BeforeAfterMethod"/>
</testsuite> <!-- com.mi.testng.BeforeAfterMethod -->
